{
  "stats": {
    "suites": 1,
    "tests": 1,
    "passes": 1,
    "pending": 0,
    "failures": 0,
    "start": "2024-06-02T10:20:06.540Z",
    "end": "2024-06-02T10:20:19.864Z",
    "duration": 13324,
    "testsRegistered": 1,
    "passPercent": 100,
    "pendingPercent": 0,
    "other": 0,
    "hasOther": false,
    "skipped": 0,
    "hasSkipped": false
  },
  "results": [
    {
      "uuid": "d75af002-cb28-4de4-9629-b808029842e8",
      "title": "",
      "fullFile": "cypress\\e2e\\smokeTest\\Tc01.cy.js",
      "file": "cypress\\e2e\\smokeTest\\Tc01.cy.js",
      "beforeHooks": [],
      "afterHooks": [],
      "tests": [],
      "suites": [
        {
          "uuid": "d459ee3c-cf20-438c-bf87-07994b92b878",
          "title": "Login Function",
          "fullFile": "",
          "file": "",
          "beforeHooks": [],
          "afterHooks": [],
          "tests": [
            {
              "title": "Login Test using Conduit",
              "fullTitle": "Login Function Login Test using Conduit",
              "timedOut": null,
              "duration": 6180,
              "state": "passed",
              "speed": "medium",
              "pass": true,
              "fail": false,
              "pending": false,
              "context": null,
              "code": "cy.visit('https://react-redux.realworld.io/');\ncy.get('a[href=\"#login\"]').click();\ncy.get('input[placeholder = \"Email\"]').type('cypressdemo@gmail.com');\ncy.get('input[placeholder=\"Password\"]').type('cypressdemo');\ncy.get('button[type=\"submit\"]').click();\ncy.get('a[href=\"#settings\"]').click();\ncy.get('.btn.btn-outline-danger').click();",
              "err": {},
              "uuid": "7826df2f-39e0-42d6-873e-ec26ec608a32",
              "parentUUID": "d459ee3c-cf20-438c-bf87-07994b92b878",
              "isHook": false,
              "skipped": false
            }
          ],
          "suites": [],
          "passes": [
            "7826df2f-39e0-42d6-873e-ec26ec608a32"
          ],
          "failures": [],
          "pending": [],
          "skipped": [],
          "duration": 6180,
          "root": false,
          "rootEmpty": false,
          "_timeout": 2000
        }
      ],
      "passes": [],
      "failures": [],
      "pending": [],
      "skipped": [],
      "duration": 0,
      "root": true,
      "rootEmpty": true,
      "_timeout": 2000
    }
  ],
  "meta": {
    "mocha": {
      "version": "7.0.1"
    },
    "mochawesome": {
      "options": {
        "quiet": true,
        "reportFilename": "mochawesome",
        "saveHtml": false,
        "saveJson": true,
        "consoleReporter": "spec",
        "useInlineDiffs": false,
        "code": true
      },
      "version": "7.1.3"
    },
    "marge": {
      "options": {
        "id": "default",
        "reportDir": "cypress/reports/mocha",
        "quiet": true,
        "overwrite": false,
        "html": false,
        "json": true
      },
      "version": "6.2.0"
    }
  }
}