<testsuite name="Mocha Tests" tests="1" failures="0" errors="1" skipped="0" timestamp="Sun, 02 Jun 2024 10:11:50 GMT" time="12.68">
<testcase classname="Checkbox Function" name="Hadling different Checkbox" time="0"><failure>Timed out retrying after 4050ms: expected &#x27;&#x3C;input#checkbox-v-2a&#x3E;&#x27; not to be &#x27;checked&#x27;
AssertionError: Timed out retrying after 4050ms: expected &#x27;&#x3C;input#checkbox-v-2a&#x3E;&#x27; not to be &#x27;checked&#x27;
    at Context.eval (webpack://developmentcypress/./cypress/e2e/smokeTest/Tc03_Checkbox.cy.js:9:81)</failure></testcase>
</testsuite>
