{
  "stats": {
    "suites": 3,
    "tests": 3,
    "passes": 2,
    "pending": 0,
    "failures": 1,
    "testsRegistered": 3,
    "passPercent": 66.66666666666667,
    "pendingPercent": 0,
    "other": 0,
    "hasOther": false,
    "skipped": 0,
    "hasSkipped": false,
    "start": "2024-06-02T10:20:06.540Z",
    "end": "2024-06-02T10:21:08.236Z",
    "duration": 61696
  },
  "results": [
    {
      "uuid": "cb779a3f-e795-4b83-aac5-5f39912a1751",
      "title": "",
      "fullFile": "cypress\\e2e\\smokeTest\\Tc02_RadioButton.cy.js",
      "file": "cypress\\e2e\\smokeTest\\Tc02_RadioButton.cy.js",
      "beforeHooks": [],
      "afterHooks": [],
      "tests": [],
      "suites": [
        {
          "uuid": "4832ad11-3a07-45e4-b69d-d696dd510f4b",
          "title": "Radio Button Function",
          "fullFile": "",
          "file": "",
          "beforeHooks": [],
          "afterHooks": [],
          "tests": [
            {
              "title": "Hadling different radio button",
              "fullTitle": "Radio Button Function Hadling different radio button",
              "timedOut": null,
              "duration": 7325,
              "state": "passed",
              "speed": "medium",
              "pass": true,
              "fail": false,
              "pending": false,
              "context": null,
              "code": "//Basic Radio Button\ncy.visit('https://demos.jquerymobile.com/1.4.5/checkboxradio-radio/');\ncy.get('#radio-choice-0a').should('not.be.checked').click({\n  force: true\n});\ncy.get('#radio-choice-0b').should('not.be.checked').click({\n  force: true\n});\n//Modern Radiio Button\ncy.get('#radio-choice-h-2b').should('not.be.checked').click({\n  force: true\n});\ncy.get('#radio-choice-h-2c').should('not.be.checked').click({\n  force: true\n});",
              "err": {},
              "uuid": "d107fb2b-f0b0-4045-af3b-d10bd9002977",
              "parentUUID": "4832ad11-3a07-45e4-b69d-d696dd510f4b",
              "isHook": false,
              "skipped": false
            }
          ],
          "suites": [],
          "passes": [
            "d107fb2b-f0b0-4045-af3b-d10bd9002977"
          ],
          "failures": [],
          "pending": [],
          "skipped": [],
          "duration": 7325,
          "root": false,
          "rootEmpty": false,
          "_timeout": 2000
        }
      ],
      "passes": [],
      "failures": [],
      "pending": [],
      "skipped": [],
      "duration": 0,
      "root": true,
      "rootEmpty": true,
      "_timeout": 2000
    },
    {
      "uuid": "a31e7d0d-e9e3-4f4a-b5fe-0f266380df23",
      "title": "",
      "fullFile": "cypress\\e2e\\smokeTest\\Tc03_Checkbox.cy.js",
      "file": "cypress\\e2e\\smokeTest\\Tc03_Checkbox.cy.js",
      "beforeHooks": [],
      "afterHooks": [],
      "tests": [],
      "suites": [
        {
          "uuid": "35f3b2a0-0e43-45e0-8ac5-1a5da477ff1f",
          "title": "Checkbox Function",
          "fullFile": "",
          "file": "",
          "beforeHooks": [],
          "afterHooks": [],
          "tests": [
            {
              "title": "Hadling different Checkbox",
              "fullTitle": "Checkbox Function Hadling different Checkbox",
              "timedOut": null,
              "duration": 14242,
              "state": "failed",
              "speed": null,
              "pass": false,
              "fail": true,
              "pending": false,
              "context": null,
              "code": "cy.visit('https://demos.jquerymobile.com/1.4.5/checkboxradio-checkbox/');\ncy.get('#checkbox-v-2a').should('not.be.checked').check({\n  force: true\n}).should('not.be.checked');\ncy.get('#checkbox-v-2c').should('not.be.checked').check({\n  force: true\n}).should('not.be.checked');",
              "err": {
                "message": "AssertionError: Timed out retrying after 4050ms: expected '<input#checkbox-v-2a>' not to be 'checked'",
                "estack": "AssertionError: Timed out retrying after 4050ms: expected '<input#checkbox-v-2a>' not to be 'checked'\n    at Context.eval (webpack://developmentcypress/./cypress/e2e/smokeTest/Tc03_Checkbox.cy.js:9:81)",
                "diff": null
              },
              "uuid": "9ccdf458-2b1f-44b2-bbb1-26f9106991e2",
              "parentUUID": "35f3b2a0-0e43-45e0-8ac5-1a5da477ff1f",
              "isHook": false,
              "skipped": false
            }
          ],
          "suites": [],
          "passes": [],
          "failures": [
            "9ccdf458-2b1f-44b2-bbb1-26f9106991e2"
          ],
          "pending": [],
          "skipped": [],
          "duration": 14242,
          "root": false,
          "rootEmpty": false,
          "_timeout": 2000
        }
      ],
      "passes": [],
      "failures": [],
      "pending": [],
      "skipped": [],
      "duration": 0,
      "root": true,
      "rootEmpty": true,
      "_timeout": 2000
    },
    {
      "uuid": "d75af002-cb28-4de4-9629-b808029842e8",
      "title": "",
      "fullFile": "cypress\\e2e\\smokeTest\\Tc01.cy.js",
      "file": "cypress\\e2e\\smokeTest\\Tc01.cy.js",
      "beforeHooks": [],
      "afterHooks": [],
      "tests": [],
      "suites": [
        {
          "uuid": "d459ee3c-cf20-438c-bf87-07994b92b878",
          "title": "Login Function",
          "fullFile": "",
          "file": "",
          "beforeHooks": [],
          "afterHooks": [],
          "tests": [
            {
              "title": "Login Test using Conduit",
              "fullTitle": "Login Function Login Test using Conduit",
              "timedOut": null,
              "duration": 6180,
              "state": "passed",
              "speed": "medium",
              "pass": true,
              "fail": false,
              "pending": false,
              "context": null,
              "code": "cy.visit('https://react-redux.realworld.io/');\ncy.get('a[href=\"#login\"]').click();\ncy.get('input[placeholder = \"Email\"]').type('cypressdemo@gmail.com');\ncy.get('input[placeholder=\"Password\"]').type('cypressdemo');\ncy.get('button[type=\"submit\"]').click();\ncy.get('a[href=\"#settings\"]').click();\ncy.get('.btn.btn-outline-danger').click();",
              "err": {},
              "uuid": "7826df2f-39e0-42d6-873e-ec26ec608a32",
              "parentUUID": "d459ee3c-cf20-438c-bf87-07994b92b878",
              "isHook": false,
              "skipped": false
            }
          ],
          "suites": [],
          "passes": [
            "7826df2f-39e0-42d6-873e-ec26ec608a32"
          ],
          "failures": [],
          "pending": [],
          "skipped": [],
          "duration": 6180,
          "root": false,
          "rootEmpty": false,
          "_timeout": 2000
        }
      ],
      "passes": [],
      "failures": [],
      "pending": [],
      "skipped": [],
      "duration": 0,
      "root": true,
      "rootEmpty": true,
      "_timeout": 2000
    }
  ],
  "meta": {
    "mocha": {
      "version": "7.0.1"
    },
    "mochawesome": {
      "options": {
        "quiet": true,
        "reportFilename": "mochawesome",
        "saveHtml": false,
        "saveJson": true,
        "consoleReporter": "spec",
        "useInlineDiffs": false,
        "code": true
      },
      "version": "7.1.3"
    },
    "marge": {
      "options": {
        "id": "default",
        "reportDir": "cypress/reports/mocha",
        "quiet": true,
        "overwrite": false,
        "html": false,
        "json": true
      },
      "version": "6.2.0"
    }
  }
}